2015-04-02 14:35:14 - MOD: Modification Default
FILE: system/engine/action.php
REGEX: ~(require|include)(_once)?\(([^)]+)~
LINE: 58
FILE: system/engine/loader.php
REGEX: ~(require|include)(_once)?\(([^)]+)~
LINE: 20
LINE: 37
LINE: 54
LINE: 65
FILE: system/library/config.php
REGEX: ~(require|include)(_once)?\(([^)]+)~
LINE: 23
FILE: system/library/language.php
REGEX: ~(require|include)(_once)?\(([^)]+)~
LINE: 21
LINE: 27
----------------------------------------------------------------
MOD: TM Description fo banners
FILE: admin/controller/design/banner.php
CODE: $data['button_remove'] = $this->language->get('button_remove');
LINE: 279
CODE: $data['banner_images'][] = array(
LINE: 385
FILE: admin/model/design/banner.php
CODE: $this->db->escape($banner_image_description['title']) . "'");
LINE: 16
LINE: 41
CODE: $banner_image_description_data[$banner_image_description['language_id']] = array('title' => $banner_image_description['title']);
LINE: 113
CODE: 'banner_image_description' => $banner_image_description_data,
LINE: 120
FILE: admin/language/de-DE/design/banner.php
CODE: $_['entry_sort_order']   = 'Sort Order';
NOT FOUND!
FILE: admin/language/english/design/banner.php
CODE: $_['entry_sort_order']   = 'Sort Order';
LINE: 22
FILE: admin/language/russian/design/banner.php
CODE: $_['entry_sort_order']   = 'Sort Order';
NOT FOUND!
FILE: admin/view/template/design/banner_form.tpl
CODE: <td class="text-left"><?php echo $entry_title; ?></td>
LINE: 53
CODE: <input type="text" name="banner_image[<?php echo $image_row; ?>][link]" value="<?php echo $banner_image['link']; ?>" placeholder="<?php echo $entry_link; ?>" class="form-control" /></td>
LINE: 83
CODE: html += '  <td class="text-left"><input type="text" name="banner_image[' + image_row + '][link]" value="" placeholder="<?php echo $entry_link; ?>" class="form-control" /></td>';
LINE: 122
FILE: catalog/controller/module/banner.php
CODE: 'title' => $result['title'],
LINE: 22
FILE: catalog/controller/module/tm_slideshow.php
CODE: 'title' => $result['title'],
LINE: 21
FILE: catalog/controller/module/parallax.php
CODE: 'title' => $result['title'],
LINE: 25
----------------------------------------------------------------
MOD: TM Featured 
FILE: catalog/controller/module/featured.php
CODE: 'rating'      => $rating,
LINE: 67
CODE: $this->load->model('tool/image');
LINE: 15
CODE: $data['button_cart'] = $this->language->get('button_cart');
LINE: 9
CODE: $product_info = $this->model_catalog_product->getProduct($product_id);
LINE: 48
FILE: catalog/language/de-DE/module/featured.php
CODE: $_['heading_title']
LINE: 24
FILE: catalog/language/english/module/featured.php
CODE: $_['heading_title']
LINE: 16
FILE: catalog/language/russian/module/featured.php
CODE: $_['heading_title']
LINE: 16
CODE: $_['text_tax']		= 'ohne Steuer';
LINE: 26
CODE: $_['text_tax']
LINE: 24
LINE: 47
----------------------------------------------------------------
MOD: TM Footer
FILE: catalog/controller/common/footer.php
CODE: $data['text_newsletter'] = $this->language->get('text_newsletter');
LINE: 18
CODE: $data['newsletter'] = $this->url->link('account/newsletter', '', 'SSL');
LINE: 52
FILE: catalog/language/de-DE/common/footer.php
CODE: $_['text_information']
LINE: 18
FILE: catalog/language/english/common/footer.php
CODE: $_['text_information']
LINE: 10
FILE: catalog/language/russian/common/footer.php
CODE: $_['text_information']
LINE: 12
----------------------------------------------------------------
MOD: TM Footer Position
CODE: $data['text_information'] = $this->language->get('text_information');
LINE: 8
CODE: $data['newsletter'] = $this->url->link('account/newsletter', '', 'SSL');
LINE: 55
FILE: catalog/view/theme/default/template/common/footer.tpl
CODE: <div class="col-sm-4">
NOT FOUND!
FILE: catalog/view/theme/theme544/template/common/footer.tpl
CODE: <div class="col-sm-4">
NOT FOUND!
FILE: admin/view/template/design/layout_form.tpl
CODE: <?php if ($layout_module['position'] == 'content_top') { ?>
LINE: 113
CODE: html += '    <option value="content_top"><?php echo $text_content_top; ?></option>';
LINE: 189
FILE: admin/controller/design/layout.php
CODE: $data['text_content_top'] = $this->language->get('text_content_top');
LINE: 265
FILE: admin/language/english/design/layout.php
CODE: $_['text_content_top']    = 'Content Top';
LINE: 10
----------------------------------------------------------------
MOD: TM Header
FILE: catalog/controller/common/header.php
CODE: $data['name'] = $this->config->get('config_name');
LINE: 20
CODE: $data['text_all'] = $this->language->get('text_all');
LINE: 73
CODE: $data['telephone'] = $this->config->get('config_telephone');
LINE: 88
CODE: $this->load->language('common/header');
LINE: 50
FILE: catalog/language/english/common/header.php
CODE: $_['text_checkout']       = 'Checkout';
NOT FOUND!
----------------------------------------------------------------
MOD: TM Header Cart
FILE: catalog/controller/common/cart.php
CODE: $data['text_loading'] = $this->language->get('text_loading');
LINE: 46
FILE: catalog/language/de-DE/common/cart.php
CODE: $_['text_items']
LINE: 14
FILE: catalog/language/english/common/cart.php
CODE: $_['text_items']
LINE: 6
FILE: catalog/language/russian/common/cart.php
CODE: $_['text_items']
LINE: 6
FILE: catalog/language/de-DE/checkout/cart.php
CODE: $_['text_items']
LINE: 20
FILE: catalog/language/english/checkout/cart.php
CODE: $_['text_items']
LINE: 12
FILE: catalog/language/russian/checkout/cart.php
CODE: $_['text_items']
LINE: 20
CODE: $_['text_recurring']
LINE: 21
CODE: $_['text_recurring']
LINE: 13
----------------------------------------------------------------
MOD: TM Header Top Position on Home page
FILE: catalog/controller/common/home.php
CODE: $data['content_top'] = $this->load->controller('common/content_top');
LINE: 13
FILE: catalog/view/theme/default/template/common/home.tpl
CODE: <?php echo $header; ?>
LINE: 0
FILE: catalog/view/theme/theme544/template/common/home.tpl
CODE: <?php echo $header; ?>
LINE: 0
CODE: <?php if ($layout_module['position'] == 'content_top') { ?>
LINE: 120
CODE: html += '    <option value="content_top"><?php echo $text_content_top; ?></option>';
LINE: 196
CODE: $data['text_content_top'] = $this->language->get('text_content_top');
LINE: 265
CODE: $_['text_content_top']    = 'Content Top';
LINE: 10
----------------------------------------------------------------
MOD: TM label sale
CODE: $data['button_compare'] = $this->language->get('button_compare');
LINE: 14
LINE: 30
FILE: catalog/controller/module/special.php
CODE: $data['button_compare'] = $this->language->get('button_compare');
LINE: 11
FILE: catalog/controller/module/latest.php
CODE: $data['button_compare'] = $this->language->get('button_compare');
LINE: 11
CODE: $_['text_tax']      = 'Ex Tax:';
LINE: 19
FILE: catalog/language/english/module/special.php
CODE: $_['text_tax']      = 'Ex Tax:';
LINE: 5
FILE: catalog/language/english/module/latest.php
CODE: $_['text_tax']      = 'Ex Tax:';
LINE: 5
CODE: $_['text_tax']
LINE: 21
LINE: 32
LINE: 45
FILE: catalog/language/de-DE/module/special.php
CODE: $_['text_tax']
LINE: 15
FILE: catalog/language/de-DE/module/latest.php
CODE: $_['text_tax']
LINE: 15
CODE: $_['text_tax']
LINE: 22
LINE: 30
LINE: 51
LINE: 59
FILE: catalog/language/russian/module/special.php
CODE: $_['text_tax']
LINE: 8
FILE: catalog/language/russian/module/latest.php
CODE: $_['text_tax']
LINE: 8
----------------------------------------------------------------
MOD: TM latest 
CODE: 'rating'      => $rating,
LINE: 71
CODE: $this->load->model('tool/image');
LINE: 18
CODE: $data['button_cart'] = $this->language->get('button_cart');
LINE: 9
CODE: foreach ($results as $result) {
LINE: 54
CODE: $_['heading_title']
LINE: 24
CODE: $_['heading_title']
LINE: 16
CODE: $_['heading_title']
LINE: 16
CODE: $_['text_tax']		= 'ohne Steuer';
LINE: 29
CODE: $_['text_tax']
LINE: 24
LINE: 50
----------------------------------------------------------------
MOD: TM Lazy load
CODE: 'thumb'       => $image,
LINE: 92
FILE: catalog/controller/module/bestseller.php
CODE: 'thumb'       => $image,
LINE: 55
CODE: 'thumb'       => $image,
LINE: 90
CODE: 'thumb'       => $image,
LINE: 65
FILE: catalog/controller/module/tm_module_tab.php
CODE: 'thumb'       => $image,
LINE: 71
LINE: 132
LINE: 186
LINE: 246
FILE: catalog/controller/product/category.php
CODE: 'thumb'       => $image,
LINE: 215
FILE: catalog/controller/product/compare.php
CODE: 'thumb'       => $image,
NOT FOUND!
FILE: catalog/controller/product/manufacturer.php
CODE: 'thumb'       => $image,
LINE: 216
FILE: catalog/controller/product/product.php
CODE: 'thumb'       => $image,
LINE: 431
FILE: catalog/controller/product/search.php
CODE: 'thumb'       => $image,
LINE: 248
FILE: catalog/controller/product/special.php
CODE: 'thumb'       => $image,
LINE: 133
----------------------------------------------------------------
MOD: TM Live search
CODE: class ControllerProductSearch extends Controller {
LINE: 1
----------------------------------------------------------------
MOD: Tm PathTheme
CODE: $data['name'] = $this->config->get('config_name');
LINE: 20
CODE: $this->load->language('common/footer');
LINE: 3
FILE: catalog/controller/account/recurring.php
CODE: $data['button_continue'] = $this->language->get('button_continue');
LINE: 46
----------------------------------------------------------------
MOD: TM Product Category image
CODE: 'href'  => $this->url->link('product/category', 'path=' . $this->request->get['path'] . '_' . $result['category_id'] . $url)
LINE: 163
CODE: $data['categories'][] = array(
LINE: 162
----------------------------------------------------------------
MOD: TM Special 
CODE: 'rating'      => $rating,
LINE: 75
CODE: $this->load->model('tool/image');
LINE: 18
CODE: $data['button_cart'] = $this->language->get('button_cart');
LINE: 9
CODE: foreach ($results as $result) {
LINE: 54
CODE: $_['heading_title']
LINE: 24
CODE: $_['heading_title']
LINE: 16
CODE: $_['heading_title']
LINE: 16
CODE: $_['text_tax']		= 'ohne Steuer';
LINE: 29
CODE: $_['text_tax']
LINE: 24
LINE: 50
----------------------------------------------------------------
MOD: TM Top Menu All Levels
CODE: $data['language'] = $this->load->controller('common/language');
LINE: 176
----------------------------------------------------------------
2015-04-03 11:25:41 - MOD: Modification Default
FILE: system/engine/action.php
REGEX: ~(require|include)(_once)?\(([^)]+)~
LINE: 58
FILE: system/engine/loader.php
REGEX: ~(require|include)(_once)?\(([^)]+)~
LINE: 20
LINE: 37
LINE: 54
LINE: 65
FILE: system/library/config.php
REGEX: ~(require|include)(_once)?\(([^)]+)~
LINE: 23
FILE: system/library/language.php
REGEX: ~(require|include)(_once)?\(([^)]+)~
LINE: 21
LINE: 27
----------------------------------------------------------------
MOD: TM Description fo banners
FILE: admin/controller/design/banner.php
CODE: $data['button_remove'] = $this->language->get('button_remove');
LINE: 279
CODE: $data['banner_images'][] = array(
LINE: 385
FILE: admin/model/design/banner.php
CODE: $this->db->escape($banner_image_description['title']) . "'");
LINE: 16
LINE: 41
CODE: $banner_image_description_data[$banner_image_description['language_id']] = array('title' => $banner_image_description['title']);
LINE: 113
CODE: 'banner_image_description' => $banner_image_description_data,
LINE: 120
FILE: admin/language/de-DE/design/banner.php
CODE: $_['entry_sort_order']   = 'Sort Order';
NOT FOUND!
FILE: admin/language/english/design/banner.php
CODE: $_['entry_sort_order']   = 'Sort Order';
LINE: 22
FILE: admin/language/russian/design/banner.php
CODE: $_['entry_sort_order']   = 'Sort Order';
NOT FOUND!
FILE: admin/view/template/design/banner_form.tpl
CODE: <td class="text-left"><?php echo $entry_title; ?></td>
LINE: 53
CODE: <input type="text" name="banner_image[<?php echo $image_row; ?>][link]" value="<?php echo $banner_image['link']; ?>" placeholder="<?php echo $entry_link; ?>" class="form-control" /></td>
LINE: 83
CODE: html += '  <td class="text-left"><input type="text" name="banner_image[' + image_row + '][link]" value="" placeholder="<?php echo $entry_link; ?>" class="form-control" /></td>';
LINE: 122
FILE: catalog/controller/module/banner.php
CODE: 'title' => $result['title'],
LINE: 22
FILE: catalog/controller/module/tm_slideshow.php
CODE: 'title' => $result['title'],
LINE: 21
FILE: catalog/controller/module/parallax.php
CODE: 'title' => $result['title'],
LINE: 25
----------------------------------------------------------------
MOD: TM Featured 
FILE: catalog/controller/module/featured.php
CODE: $data['products'][] = array(
LINE: 64
CODE: 'rating'      => $rating,
LINE: 72
CODE: $this->load->model('tool/image');
LINE: 15
CODE: $data['button_cart'] = $this->language->get('button_cart');
LINE: 9
CODE: $product_info = $this->model_catalog_product->getProduct($product_id);
LINE: 48
FILE: catalog/language/de-DE/module/featured.php
CODE: $_['heading_title']
LINE: 24
FILE: catalog/language/english/module/featured.php
CODE: $_['heading_title']
LINE: 16
FILE: catalog/language/russian/module/featured.php
CODE: $_['heading_title']
LINE: 16
CODE: $_['text_tax']		= 'ohne Steuer';
LINE: 26
CODE: $_['text_tax']
LINE: 24
LINE: 47
----------------------------------------------------------------
MOD: TM Footer
FILE: catalog/controller/common/footer.php
CODE: $data['text_newsletter'] = $this->language->get('text_newsletter');
LINE: 18
CODE: $data['newsletter'] = $this->url->link('account/newsletter', '', 'SSL');
LINE: 52
FILE: catalog/language/de-DE/common/footer.php
CODE: $_['text_information']
LINE: 18
FILE: catalog/language/english/common/footer.php
CODE: $_['text_information']
LINE: 10
FILE: catalog/language/russian/common/footer.php
CODE: $_['text_information']
LINE: 12
----------------------------------------------------------------
MOD: TM Footer Position
CODE: $data['text_information'] = $this->language->get('text_information');
LINE: 8
CODE: $data['newsletter'] = $this->url->link('account/newsletter', '', 'SSL');
LINE: 55
FILE: catalog/view/theme/default/template/common/footer.tpl
CODE: <div class="col-sm-4">
NOT FOUND!
FILE: catalog/view/theme/theme544/template/common/footer.tpl
CODE: <div class="col-sm-4">
NOT FOUND!
FILE: admin/view/template/design/layout_form.tpl
CODE: <?php if ($layout_module['position'] == 'content_top') { ?>
LINE: 113
CODE: html += '    <option value="content_top"><?php echo $text_content_top; ?></option>';
LINE: 189
FILE: admin/controller/design/layout.php
CODE: $data['text_content_top'] = $this->language->get('text_content_top');
LINE: 265
FILE: admin/language/english/design/layout.php
CODE: $_['text_content_top']    = 'Content Top';
LINE: 10
----------------------------------------------------------------
MOD: TM Header
FILE: catalog/controller/common/header.php
CODE: $data['name'] = $this->config->get('config_name');
LINE: 20
CODE: $data['text_all'] = $this->language->get('text_all');
LINE: 73
CODE: $data['telephone'] = $this->config->get('config_telephone');
LINE: 88
CODE: $this->load->language('common/header');
LINE: 50
FILE: catalog/language/english/common/header.php
CODE: $_['text_checkout']       = 'Checkout';
NOT FOUND!
----------------------------------------------------------------
MOD: TM Header Cart
FILE: catalog/controller/common/cart.php
CODE: $data['text_loading'] = $this->language->get('text_loading');
LINE: 46
FILE: catalog/language/de-DE/common/cart.php
CODE: $_['text_items']
LINE: 14
FILE: catalog/language/english/common/cart.php
CODE: $_['text_items']
LINE: 6
FILE: catalog/language/russian/common/cart.php
CODE: $_['text_items']
LINE: 6
FILE: catalog/language/de-DE/checkout/cart.php
CODE: $_['text_items']
LINE: 20
FILE: catalog/language/english/checkout/cart.php
CODE: $_['text_items']
LINE: 12
FILE: catalog/language/russian/checkout/cart.php
CODE: $_['text_items']
LINE: 20
CODE: $_['text_recurring']
LINE: 21
CODE: $_['text_recurring']
LINE: 13
----------------------------------------------------------------
MOD: TM Header Top Position on Home page
FILE: catalog/controller/common/home.php
CODE: $data['content_top'] = $this->load->controller('common/content_top');
LINE: 13
FILE: catalog/view/theme/default/template/common/home.tpl
CODE: <?php echo $header; ?>
LINE: 0
FILE: catalog/view/theme/theme544/template/common/home.tpl
CODE: <?php echo $header; ?>
LINE: 0
CODE: <?php if ($layout_module['position'] == 'content_top') { ?>
LINE: 120
CODE: html += '    <option value="content_top"><?php echo $text_content_top; ?></option>';
LINE: 196
CODE: $data['text_content_top'] = $this->language->get('text_content_top');
LINE: 265
CODE: $_['text_content_top']    = 'Content Top';
LINE: 10
----------------------------------------------------------------
MOD: TM label sale
CODE: $data['button_compare'] = $this->language->get('button_compare');
LINE: 14
LINE: 30
FILE: catalog/controller/module/special.php
CODE: $data['button_compare'] = $this->language->get('button_compare');
LINE: 11
FILE: catalog/controller/module/latest.php
CODE: $data['button_compare'] = $this->language->get('button_compare');
LINE: 11
CODE: $_['text_tax']      = 'Ex Tax:';
LINE: 19
FILE: catalog/language/english/module/special.php
CODE: $_['text_tax']      = 'Ex Tax:';
LINE: 5
FILE: catalog/language/english/module/latest.php
CODE: $_['text_tax']      = 'Ex Tax:';
LINE: 5
CODE: $_['text_tax']
LINE: 21
LINE: 32
LINE: 45
FILE: catalog/language/de-DE/module/special.php
CODE: $_['text_tax']
LINE: 15
FILE: catalog/language/de-DE/module/latest.php
CODE: $_['text_tax']
LINE: 15
CODE: $_['text_tax']
LINE: 22
LINE: 30
LINE: 51
LINE: 59
FILE: catalog/language/russian/module/special.php
CODE: $_['text_tax']
LINE: 8
FILE: catalog/language/russian/module/latest.php
CODE: $_['text_tax']
LINE: 8
----------------------------------------------------------------
MOD: TM latest 
CODE: $data['products'][] = array(
LINE: 67
CODE: 'rating'      => $rating,
LINE: 75
CODE: $this->load->model('tool/image');
LINE: 18
CODE: $data['button_cart'] = $this->language->get('button_cart');
LINE: 9
CODE: foreach ($results as $result) {
LINE: 54
CODE: $_['heading_title']
LINE: 24
CODE: $_['heading_title']
LINE: 16
CODE: $_['heading_title']
LINE: 16
CODE: $_['text_tax']		= 'ohne Steuer';
LINE: 29
CODE: $_['text_tax']
LINE: 24
LINE: 50
----------------------------------------------------------------
MOD: TM Lazy load
CODE: 'thumb'       => $image,
LINE: 97
FILE: catalog/controller/module/bestseller.php
CODE: 'thumb'       => $image,
LINE: 55
CODE: 'thumb'       => $image,
LINE: 94
CODE: 'thumb'       => $image,
LINE: 65
FILE: catalog/controller/module/tm_module_tab.php
CODE: 'thumb'       => $image,
LINE: 71
LINE: 132
LINE: 186
LINE: 246
FILE: catalog/controller/product/category.php
CODE: 'thumb'       => $image,
LINE: 215
FILE: catalog/controller/product/compare.php
CODE: 'thumb'       => $image,
NOT FOUND!
FILE: catalog/controller/product/manufacturer.php
CODE: 'thumb'       => $image,
LINE: 216
FILE: catalog/controller/product/product.php
CODE: 'thumb'       => $image,
LINE: 431
FILE: catalog/controller/product/search.php
CODE: 'thumb'       => $image,
LINE: 248
FILE: catalog/controller/product/special.php
CODE: 'thumb'       => $image,
LINE: 133
----------------------------------------------------------------
MOD: TM Live search
CODE: class ControllerProductSearch extends Controller {
LINE: 1
----------------------------------------------------------------
MOD: Tm PathTheme
CODE: $data['name'] = $this->config->get('config_name');
LINE: 20
CODE: $this->load->language('common/footer');
LINE: 3
FILE: catalog/controller/account/recurring.php
CODE: $data['button_continue'] = $this->language->get('button_continue');
LINE: 46
----------------------------------------------------------------
MOD: TM Product Category image
CODE: 'href'  => $this->url->link('product/category', 'path=' . $this->request->get['path'] . '_' . $result['category_id'] . $url)
LINE: 163
CODE: $data['categories'][] = array(
LINE: 162
----------------------------------------------------------------
MOD: TM Special 
CODE: $data['products'][] = array(
LINE: 68
CODE: 'rating'      => $rating,
LINE: 80
CODE: $this->load->model('tool/image');
LINE: 18
CODE: $data['button_cart'] = $this->language->get('button_cart');
LINE: 9
CODE: foreach ($results as $result) {
LINE: 54
CODE: $_['heading_title']
LINE: 24
CODE: $_['heading_title']
LINE: 16
CODE: $_['heading_title']
LINE: 16
CODE: $_['text_tax']		= 'ohne Steuer';
LINE: 29
CODE: $_['text_tax']
LINE: 24
LINE: 50
----------------------------------------------------------------
MOD: TM Top Menu All Levels
CODE: $data['language'] = $this->load->controller('common/language');
LINE: 176
----------------------------------------------------------------
2015-04-07 7:48:08 - MOD: Modification Default
FILE: system/engine/action.php
REGEX: ~(require|include)(_once)?\(([^)]+)~
LINE: 58
FILE: system/engine/loader.php
REGEX: ~(require|include)(_once)?\(([^)]+)~
LINE: 20
LINE: 37
LINE: 54
LINE: 65
FILE: system/library/config.php
REGEX: ~(require|include)(_once)?\(([^)]+)~
LINE: 23
FILE: system/library/language.php
REGEX: ~(require|include)(_once)?\(([^)]+)~
LINE: 21
LINE: 27
----------------------------------------------------------------
MOD: TM Description fo banners
FILE: admin/controller/design/banner.php
CODE: $data['button_remove'] = $this->language->get('button_remove');
LINE: 279
CODE: $data['banner_images'][] = array(
LINE: 385
FILE: admin/model/design/banner.php
CODE: $this->db->escape($banner_image_description['title']) . "'");
LINE: 16
LINE: 41
CODE: $banner_image_description_data[$banner_image_description['language_id']] = array('title' => $banner_image_description['title']);
LINE: 113
CODE: 'banner_image_description' => $banner_image_description_data,
LINE: 120
FILE: admin/language/de-DE/design/banner.php
CODE: $_['entry_sort_order']   = 'Sort Order';
NOT FOUND!
FILE: admin/language/english/design/banner.php
CODE: $_['entry_sort_order']   = 'Sort Order';
LINE: 22
FILE: admin/language/russian/design/banner.php
CODE: $_['entry_sort_order']   = 'Sort Order';
NOT FOUND!
FILE: admin/view/template/design/banner_form.tpl
CODE: <td class="text-left"><?php echo $entry_title; ?></td>
LINE: 53
CODE: <input type="text" name="banner_image[<?php echo $image_row; ?>][link]" value="<?php echo $banner_image['link']; ?>" placeholder="<?php echo $entry_link; ?>" class="form-control" /></td>
LINE: 83
CODE: html += '  <td class="text-left"><input type="text" name="banner_image[' + image_row + '][link]" value="" placeholder="<?php echo $entry_link; ?>" class="form-control" /></td>';
LINE: 122
FILE: catalog/controller/module/banner.php
CODE: 'title' => $result['title'],
LINE: 22
FILE: catalog/controller/module/tm_slideshow.php
CODE: 'title' => $result['title'],
LINE: 21
FILE: catalog/controller/module/parallax.php
CODE: 'title' => $result['title'],
LINE: 25
----------------------------------------------------------------
MOD: TM Featured 
FILE: catalog/controller/module/featured.php
CODE: $data['products'][] = array(
LINE: 64
CODE: 'rating'      => $rating,
LINE: 72
CODE: $this->load->model('tool/image');
LINE: 15
CODE: $data['button_cart'] = $this->language->get('button_cart');
LINE: 9
CODE: $product_info = $this->model_catalog_product->getProduct($product_id);
LINE: 48
FILE: catalog/language/de-DE/module/featured.php
CODE: $_['heading_title']
LINE: 24
FILE: catalog/language/english/module/featured.php
CODE: $_['heading_title']
LINE: 16
FILE: catalog/language/russian/module/featured.php
CODE: $_['heading_title']
LINE: 16
CODE: $_['text_tax']		= 'ohne Steuer';
LINE: 26
CODE: $_['text_tax']
LINE: 24
LINE: 47
----------------------------------------------------------------
MOD: TM Footer
FILE: catalog/controller/common/footer.php
CODE: $data['text_newsletter'] = $this->language->get('text_newsletter');
LINE: 18
CODE: $data['newsletter'] = $this->url->link('account/newsletter', '', 'SSL');
LINE: 52
FILE: catalog/language/de-DE/common/footer.php
CODE: $_['text_information']
LINE: 18
FILE: catalog/language/english/common/footer.php
CODE: $_['text_information']
LINE: 10
FILE: catalog/language/russian/common/footer.php
CODE: $_['text_information']
LINE: 12
----------------------------------------------------------------
MOD: TM Footer Position
CODE: $data['text_information'] = $this->language->get('text_information');
LINE: 8
CODE: $data['newsletter'] = $this->url->link('account/newsletter', '', 'SSL');
LINE: 55
FILE: catalog/view/theme/default/template/common/footer.tpl
CODE: <div class="col-sm-4">
NOT FOUND!
FILE: catalog/view/theme/theme544/template/common/footer.tpl
CODE: <div class="col-sm-4">
NOT FOUND!
FILE: admin/view/template/design/layout_form.tpl
CODE: <?php if ($layout_module['position'] == 'content_top') { ?>
LINE: 113
CODE: html += '    <option value="content_top"><?php echo $text_content_top; ?></option>';
LINE: 189
FILE: admin/controller/design/layout.php
CODE: $data['text_content_top'] = $this->language->get('text_content_top');
LINE: 265
FILE: admin/language/english/design/layout.php
CODE: $_['text_content_top']    = 'Content Top';
LINE: 10
----------------------------------------------------------------
MOD: TM Header
FILE: catalog/controller/common/header.php
CODE: $data['name'] = $this->config->get('config_name');
LINE: 20
CODE: $data['text_all'] = $this->language->get('text_all');
LINE: 73
CODE: $data['telephone'] = $this->config->get('config_telephone');
LINE: 88
CODE: $this->load->language('common/header');
LINE: 50
FILE: catalog/language/english/common/header.php
CODE: $_['text_checkout']       = 'Checkout';
NOT FOUND!
----------------------------------------------------------------
MOD: TM Header Cart
FILE: catalog/controller/common/cart.php
CODE: $data['text_loading'] = $this->language->get('text_loading');
LINE: 46
FILE: catalog/language/de-DE/common/cart.php
CODE: $_['text_items']
LINE: 14
FILE: catalog/language/english/common/cart.php
CODE: $_['text_items']
LINE: 6
FILE: catalog/language/russian/common/cart.php
CODE: $_['text_items']
LINE: 6
FILE: catalog/language/de-DE/checkout/cart.php
CODE: $_['text_items']
LINE: 20
FILE: catalog/language/english/checkout/cart.php
CODE: $_['text_items']
LINE: 12
FILE: catalog/language/russian/checkout/cart.php
CODE: $_['text_items']
LINE: 20
CODE: $_['text_recurring']
LINE: 21
CODE: $_['text_recurring']
LINE: 13
----------------------------------------------------------------
MOD: TM Header Top Position on Home page
FILE: catalog/controller/common/home.php
CODE: $data['content_top'] = $this->load->controller('common/content_top');
LINE: 13
FILE: catalog/view/theme/default/template/common/home.tpl
CODE: <?php echo $header; ?>
LINE: 0
FILE: catalog/view/theme/theme544/template/common/home.tpl
CODE: <?php echo $header; ?>
LINE: 0
CODE: <?php if ($layout_module['position'] == 'content_top') { ?>
LINE: 120
CODE: html += '    <option value="content_top"><?php echo $text_content_top; ?></option>';
LINE: 196
CODE: $data['text_content_top'] = $this->language->get('text_content_top');
LINE: 265
CODE: $_['text_content_top']    = 'Content Top';
LINE: 10
----------------------------------------------------------------
MOD: TM label sale
CODE: $data['button_compare'] = $this->language->get('button_compare');
LINE: 14
LINE: 30
FILE: catalog/controller/module/special.php
CODE: $data['button_compare'] = $this->language->get('button_compare');
LINE: 11
FILE: catalog/controller/module/latest.php
CODE: $data['button_compare'] = $this->language->get('button_compare');
LINE: 11
CODE: $_['text_tax']      = 'Ex Tax:';
LINE: 19
FILE: catalog/language/english/module/special.php
CODE: $_['text_tax']      = 'Ex Tax:';
LINE: 5
FILE: catalog/language/english/module/latest.php
CODE: $_['text_tax']      = 'Ex Tax:';
LINE: 5
CODE: $_['text_tax']
LINE: 21
LINE: 32
LINE: 45
FILE: catalog/language/de-DE/module/special.php
CODE: $_['text_tax']
LINE: 15
FILE: catalog/language/de-DE/module/latest.php
CODE: $_['text_tax']
LINE: 15
CODE: $_['text_tax']
LINE: 22
LINE: 30
LINE: 51
LINE: 59
FILE: catalog/language/russian/module/special.php
CODE: $_['text_tax']
LINE: 8
FILE: catalog/language/russian/module/latest.php
CODE: $_['text_tax']
LINE: 8
----------------------------------------------------------------
MOD: TM latest 
CODE: $data['products'][] = array(
LINE: 67
CODE: 'rating'      => $rating,
LINE: 75
CODE: $this->load->model('tool/image');
LINE: 18
CODE: $data['button_cart'] = $this->language->get('button_cart');
LINE: 9
CODE: foreach ($results as $result) {
LINE: 54
CODE: $_['heading_title']
LINE: 24
CODE: $_['heading_title']
LINE: 16
CODE: $_['heading_title']
LINE: 16
CODE: $_['text_tax']		= 'ohne Steuer';
LINE: 29
CODE: $_['text_tax']
LINE: 24
LINE: 50
----------------------------------------------------------------
MOD: TM Lazy load
CODE: 'thumb'       => $image,
LINE: 97
FILE: catalog/controller/module/bestseller.php
CODE: 'thumb'       => $image,
LINE: 55
CODE: 'thumb'       => $image,
LINE: 94
CODE: 'thumb'       => $image,
LINE: 65
FILE: catalog/controller/module/tm_module_tab.php
CODE: 'thumb'       => $image,
LINE: 71
LINE: 132
LINE: 186
LINE: 246
FILE: catalog/controller/product/category.php
CODE: 'thumb'       => $image,
LINE: 215
FILE: catalog/controller/product/compare.php
CODE: 'thumb'       => $image,
NOT FOUND!
FILE: catalog/controller/product/manufacturer.php
CODE: 'thumb'       => $image,
LINE: 216
FILE: catalog/controller/product/product.php
CODE: 'thumb'       => $image,
LINE: 431
FILE: catalog/controller/product/search.php
CODE: 'thumb'       => $image,
LINE: 248
FILE: catalog/controller/product/special.php
CODE: 'thumb'       => $image,
LINE: 133
----------------------------------------------------------------
MOD: TM Live search
CODE: class ControllerProductSearch extends Controller {
LINE: 1
----------------------------------------------------------------
MOD: Tm PathTheme
CODE: $data['name'] = $this->config->get('config_name');
LINE: 20
CODE: $this->load->language('common/footer');
LINE: 3
FILE: catalog/controller/account/recurring.php
CODE: $data['button_continue'] = $this->language->get('button_continue');
LINE: 46
----------------------------------------------------------------
MOD: TM Product Category image
CODE: 'href'  => $this->url->link('product/category', 'path=' . $this->request->get['path'] . '_' . $result['category_id'] . $url)
LINE: 163
CODE: $data['categories'][] = array(
LINE: 162
----------------------------------------------------------------
MOD: TM Special 
CODE: $data['products'][] = array(
LINE: 68
CODE: 'rating'      => $rating,
LINE: 80
CODE: $this->load->model('tool/image');
LINE: 18
CODE: $data['button_cart'] = $this->language->get('button_cart');
LINE: 9
CODE: foreach ($results as $result) {
LINE: 54
CODE: $_['heading_title']
LINE: 24
CODE: $_['heading_title']
LINE: 16
CODE: $_['heading_title']
LINE: 16
CODE: $_['text_tax']		= 'ohne Steuer';
LINE: 29
CODE: $_['text_tax']
LINE: 24
LINE: 50
----------------------------------------------------------------
MOD: TM Top Menu All Levels
CODE: $data['language'] = $this->load->controller('common/language');
LINE: 176
----------------------------------------------------------------
2015-04-07 8:05:06 - MOD: Modification Default
FILE: system/engine/action.php
REGEX: ~(require|include)(_once)?\(([^)]+)~
LINE: 58
FILE: system/engine/loader.php
REGEX: ~(require|include)(_once)?\(([^)]+)~
LINE: 20
LINE: 37
LINE: 54
LINE: 65
FILE: system/library/config.php
REGEX: ~(require|include)(_once)?\(([^)]+)~
LINE: 23
FILE: system/library/language.php
REGEX: ~(require|include)(_once)?\(([^)]+)~
LINE: 21
LINE: 27
----------------------------------------------------------------
MOD: TM Description fo banners
FILE: admin/controller/design/banner.php
CODE: $data['button_remove'] = $this->language->get('button_remove');
LINE: 279
CODE: $data['banner_images'][] = array(
LINE: 385
FILE: admin/model/design/banner.php
CODE: $this->db->escape($banner_image_description['title']) . "'");
LINE: 16
LINE: 41
CODE: $banner_image_description_data[$banner_image_description['language_id']] = array('title' => $banner_image_description['title']);
LINE: 113
CODE: 'banner_image_description' => $banner_image_description_data,
LINE: 120
FILE: admin/language/de-DE/design/banner.php
CODE: $_['entry_sort_order']   = 'Sort Order';
NOT FOUND!
FILE: admin/language/english/design/banner.php
CODE: $_['entry_sort_order']   = 'Sort Order';
LINE: 22
FILE: admin/language/russian/design/banner.php
CODE: $_['entry_sort_order']   = 'Sort Order';
NOT FOUND!
FILE: admin/view/template/design/banner_form.tpl
CODE: <td class="text-left"><?php echo $entry_title; ?></td>
LINE: 53
CODE: <input type="text" name="banner_image[<?php echo $image_row; ?>][link]" value="<?php echo $banner_image['link']; ?>" placeholder="<?php echo $entry_link; ?>" class="form-control" /></td>
LINE: 83
CODE: html += '  <td class="text-left"><input type="text" name="banner_image[' + image_row + '][link]" value="" placeholder="<?php echo $entry_link; ?>" class="form-control" /></td>';
LINE: 122
FILE: catalog/controller/module/banner.php
CODE: 'title' => $result['title'],
LINE: 22
FILE: catalog/controller/module/tm_slideshow.php
CODE: 'title' => $result['title'],
LINE: 21
FILE: catalog/controller/module/parallax.php
CODE: 'title' => $result['title'],
LINE: 25
----------------------------------------------------------------
MOD: TM Featured 
FILE: catalog/controller/module/featured.php
CODE: $data['products'][] = array(
LINE: 64
CODE: 'rating'      => $rating,
LINE: 72
CODE: $this->load->model('tool/image');
LINE: 15
CODE: $data['button_cart'] = $this->language->get('button_cart');
LINE: 9
CODE: $product_info = $this->model_catalog_product->getProduct($product_id);
LINE: 48
FILE: catalog/language/de-DE/module/featured.php
CODE: $_['heading_title']
LINE: 24
FILE: catalog/language/english/module/featured.php
CODE: $_['heading_title']
LINE: 16
FILE: catalog/language/russian/module/featured.php
CODE: $_['heading_title']
LINE: 16
CODE: $_['text_tax']		= 'ohne Steuer';
LINE: 26
CODE: $_['text_tax']
LINE: 24
LINE: 47
----------------------------------------------------------------
MOD: TM Footer
FILE: catalog/controller/common/footer.php
CODE: $data['text_newsletter'] = $this->language->get('text_newsletter');
LINE: 18
CODE: $data['newsletter'] = $this->url->link('account/newsletter', '', 'SSL');
LINE: 52
FILE: catalog/language/de-DE/common/footer.php
CODE: $_['text_information']
LINE: 18
FILE: catalog/language/english/common/footer.php
CODE: $_['text_information']
LINE: 10
FILE: catalog/language/russian/common/footer.php
CODE: $_['text_information']
LINE: 12
----------------------------------------------------------------
MOD: TM Footer Position
CODE: $data['text_information'] = $this->language->get('text_information');
LINE: 8
CODE: $data['newsletter'] = $this->url->link('account/newsletter', '', 'SSL');
LINE: 55
FILE: catalog/view/theme/default/template/common/footer.tpl
CODE: <div class="col-sm-4">
NOT FOUND!
FILE: catalog/view/theme/theme544/template/common/footer.tpl
CODE: <div class="col-sm-4">
NOT FOUND!
FILE: admin/view/template/design/layout_form.tpl
CODE: <?php if ($layout_module['position'] == 'content_top') { ?>
LINE: 113
CODE: html += '    <option value="content_top"><?php echo $text_content_top; ?></option>';
LINE: 189
FILE: admin/controller/design/layout.php
CODE: $data['text_content_top'] = $this->language->get('text_content_top');
LINE: 265
FILE: admin/language/english/design/layout.php
CODE: $_['text_content_top']    = 'Content Top';
LINE: 10
----------------------------------------------------------------
MOD: TM Header
FILE: catalog/controller/common/header.php
CODE: $data['name'] = $this->config->get('config_name');
LINE: 20
CODE: $data['text_all'] = $this->language->get('text_all');
LINE: 73
CODE: $data['telephone'] = $this->config->get('config_telephone');
LINE: 88
CODE: $this->load->language('common/header');
LINE: 50
FILE: catalog/language/english/common/header.php
CODE: $_['text_checkout']       = 'Checkout';
NOT FOUND!
----------------------------------------------------------------
MOD: TM Header Cart
FILE: catalog/controller/common/cart.php
CODE: $data['text_loading'] = $this->language->get('text_loading');
LINE: 46
FILE: catalog/language/de-DE/common/cart.php
CODE: $_['text_items']
LINE: 14
FILE: catalog/language/english/common/cart.php
CODE: $_['text_items']
LINE: 6
FILE: catalog/language/russian/common/cart.php
CODE: $_['text_items']
LINE: 6
FILE: catalog/language/de-DE/checkout/cart.php
CODE: $_['text_items']
LINE: 20
FILE: catalog/language/english/checkout/cart.php
CODE: $_['text_items']
LINE: 12
FILE: catalog/language/russian/checkout/cart.php
CODE: $_['text_items']
LINE: 20
CODE: $_['text_recurring']
LINE: 21
CODE: $_['text_recurring']
LINE: 13
----------------------------------------------------------------
MOD: TM Header Top Position on Home page
FILE: catalog/controller/common/home.php
CODE: $data['content_top'] = $this->load->controller('common/content_top');
LINE: 13
FILE: catalog/view/theme/default/template/common/home.tpl
CODE: <?php echo $header; ?>
LINE: 0
FILE: catalog/view/theme/theme544/template/common/home.tpl
CODE: <?php echo $header; ?>
LINE: 0
CODE: <?php if ($layout_module['position'] == 'content_top') { ?>
LINE: 120
CODE: html += '    <option value="content_top"><?php echo $text_content_top; ?></option>';
LINE: 196
CODE: $data['text_content_top'] = $this->language->get('text_content_top');
LINE: 265
CODE: $_['text_content_top']    = 'Content Top';
LINE: 10
----------------------------------------------------------------
MOD: TM label sale
CODE: $data['button_compare'] = $this->language->get('button_compare');
LINE: 14
LINE: 30
FILE: catalog/controller/module/special.php
CODE: $data['button_compare'] = $this->language->get('button_compare');
LINE: 11
FILE: catalog/controller/module/latest.php
CODE: $data['button_compare'] = $this->language->get('button_compare');
LINE: 11
CODE: $_['text_tax']      = 'Ex Tax:';
LINE: 19
FILE: catalog/language/english/module/special.php
CODE: $_['text_tax']      = 'Ex Tax:';
LINE: 5
FILE: catalog/language/english/module/latest.php
CODE: $_['text_tax']      = 'Ex Tax:';
LINE: 5
CODE: $_['text_tax']
LINE: 21
LINE: 32
LINE: 45
FILE: catalog/language/de-DE/module/special.php
CODE: $_['text_tax']
LINE: 15
FILE: catalog/language/de-DE/module/latest.php
CODE: $_['text_tax']
LINE: 15
CODE: $_['text_tax']
LINE: 22
LINE: 30
LINE: 51
LINE: 59
FILE: catalog/language/russian/module/special.php
CODE: $_['text_tax']
LINE: 8
FILE: catalog/language/russian/module/latest.php
CODE: $_['text_tax']
LINE: 8
----------------------------------------------------------------
MOD: TM latest 
CODE: $data['products'][] = array(
LINE: 67
CODE: 'rating'      => $rating,
LINE: 75
CODE: $this->load->model('tool/image');
LINE: 18
CODE: $data['button_cart'] = $this->language->get('button_cart');
LINE: 9
CODE: foreach ($results as $result) {
LINE: 54
CODE: $_['heading_title']
LINE: 24
CODE: $_['heading_title']
LINE: 16
CODE: $_['heading_title']
LINE: 16
CODE: $_['text_tax']		= 'ohne Steuer';
LINE: 29
CODE: $_['text_tax']
LINE: 24
LINE: 50
----------------------------------------------------------------
MOD: TM Lazy load
CODE: 'thumb'       => $image,
LINE: 97
FILE: catalog/controller/module/bestseller.php
CODE: 'thumb'       => $image,
LINE: 55
CODE: 'thumb'       => $image,
LINE: 94
CODE: 'thumb'       => $image,
LINE: 65
FILE: catalog/controller/module/tm_module_tab.php
CODE: 'thumb'       => $image,
LINE: 71
LINE: 132
LINE: 186
LINE: 246
FILE: catalog/controller/product/category.php
CODE: 'thumb'       => $image,
LINE: 215
FILE: catalog/controller/product/compare.php
CODE: 'thumb'       => $image,
NOT FOUND!
FILE: catalog/controller/product/manufacturer.php
CODE: 'thumb'       => $image,
LINE: 216
FILE: catalog/controller/product/product.php
CODE: 'thumb'       => $image,
LINE: 431
FILE: catalog/controller/product/search.php
CODE: 'thumb'       => $image,
LINE: 248
FILE: catalog/controller/product/special.php
CODE: 'thumb'       => $image,
LINE: 133
----------------------------------------------------------------
MOD: TM Live search
CODE: class ControllerProductSearch extends Controller {
LINE: 1
----------------------------------------------------------------
MOD: Tm PathTheme
CODE: $data['name'] = $this->config->get('config_name');
LINE: 20
CODE: $this->load->language('common/footer');
LINE: 3
FILE: catalog/controller/account/recurring.php
CODE: $data['button_continue'] = $this->language->get('button_continue');
LINE: 46
----------------------------------------------------------------
MOD: TM Product Category image
CODE: 'href'  => $this->url->link('product/category', 'path=' . $this->request->get['path'] . '_' . $result['category_id'] . $url)
LINE: 163
CODE: $data['categories'][] = array(
LINE: 162
----------------------------------------------------------------
MOD: TM Special 
CODE: $data['products'][] = array(
LINE: 68
CODE: 'rating'      => $rating,
LINE: 80
CODE: $this->load->model('tool/image');
LINE: 18
CODE: $data['button_cart'] = $this->language->get('button_cart');
LINE: 9
CODE: foreach ($results as $result) {
LINE: 54
CODE: $_['heading_title']
LINE: 24
CODE: $_['heading_title']
LINE: 16
CODE: $_['heading_title']
LINE: 16
CODE: $_['text_tax']		= 'ohne Steuer';
LINE: 29
CODE: $_['text_tax']
LINE: 24
LINE: 50
----------------------------------------------------------------
MOD: TM Top Menu All Levels
CODE: $data['language'] = $this->load->controller('common/language');
LINE: 176
----------------------------------------------------------------
2015-04-07 8:05:31 - MOD: Modification Default
FILE: system/engine/action.php
REGEX: ~(require|include)(_once)?\(([^)]+)~
LINE: 58
FILE: system/engine/loader.php
REGEX: ~(require|include)(_once)?\(([^)]+)~
LINE: 20
LINE: 37
LINE: 54
LINE: 65
FILE: system/library/config.php
REGEX: ~(require|include)(_once)?\(([^)]+)~
LINE: 23
FILE: system/library/language.php
REGEX: ~(require|include)(_once)?\(([^)]+)~
LINE: 21
LINE: 27
----------------------------------------------------------------
MOD: TM Description fo banners
FILE: admin/controller/design/banner.php
CODE: $data['button_remove'] = $this->language->get('button_remove');
LINE: 279
CODE: $data['banner_images'][] = array(
LINE: 385
FILE: admin/model/design/banner.php
CODE: $this->db->escape($banner_image_description['title']) . "'");
LINE: 16
LINE: 41
CODE: $banner_image_description_data[$banner_image_description['language_id']] = array('title' => $banner_image_description['title']);
LINE: 113
CODE: 'banner_image_description' => $banner_image_description_data,
LINE: 120
FILE: admin/language/de-DE/design/banner.php
CODE: $_['entry_sort_order']   = 'Sort Order';
NOT FOUND!
FILE: admin/language/english/design/banner.php
CODE: $_['entry_sort_order']   = 'Sort Order';
LINE: 22
FILE: admin/language/russian/design/banner.php
CODE: $_['entry_sort_order']   = 'Sort Order';
NOT FOUND!
FILE: admin/view/template/design/banner_form.tpl
CODE: <td class="text-left"><?php echo $entry_title; ?></td>
LINE: 53
CODE: <input type="text" name="banner_image[<?php echo $image_row; ?>][link]" value="<?php echo $banner_image['link']; ?>" placeholder="<?php echo $entry_link; ?>" class="form-control" /></td>
LINE: 83
CODE: html += '  <td class="text-left"><input type="text" name="banner_image[' + image_row + '][link]" value="" placeholder="<?php echo $entry_link; ?>" class="form-control" /></td>';
LINE: 122
FILE: catalog/controller/module/banner.php
CODE: 'title' => $result['title'],
LINE: 22
FILE: catalog/controller/module/tm_slideshow.php
CODE: 'title' => $result['title'],
LINE: 21
FILE: catalog/controller/module/parallax.php
CODE: 'title' => $result['title'],
LINE: 25
----------------------------------------------------------------
MOD: TM Featured 
FILE: catalog/controller/module/featured.php
CODE: $data['products'][] = array(
LINE: 64
CODE: 'rating'      => $rating,
LINE: 72
CODE: $this->load->model('tool/image');
LINE: 15
CODE: $data['button_cart'] = $this->language->get('button_cart');
LINE: 9
CODE: $product_info = $this->model_catalog_product->getProduct($product_id);
LINE: 48
FILE: catalog/language/de-DE/module/featured.php
CODE: $_['heading_title']
LINE: 24
FILE: catalog/language/english/module/featured.php
CODE: $_['heading_title']
LINE: 16
FILE: catalog/language/russian/module/featured.php
CODE: $_['heading_title']
LINE: 16
CODE: $_['text_tax']		= 'ohne Steuer';
LINE: 26
CODE: $_['text_tax']
LINE: 24
LINE: 47
----------------------------------------------------------------
MOD: TM Footer
FILE: catalog/controller/common/footer.php
CODE: $data['text_newsletter'] = $this->language->get('text_newsletter');
LINE: 18
CODE: $data['newsletter'] = $this->url->link('account/newsletter', '', 'SSL');
LINE: 52
FILE: catalog/language/de-DE/common/footer.php
CODE: $_['text_information']
LINE: 18
FILE: catalog/language/english/common/footer.php
CODE: $_['text_information']
LINE: 10
FILE: catalog/language/russian/common/footer.php
CODE: $_['text_information']
LINE: 12
----------------------------------------------------------------
MOD: TM Footer Position
CODE: $data['text_information'] = $this->language->get('text_information');
LINE: 8
CODE: $data['newsletter'] = $this->url->link('account/newsletter', '', 'SSL');
LINE: 55
FILE: catalog/view/theme/default/template/common/footer.tpl
CODE: <div class="col-sm-4">
NOT FOUND!
FILE: catalog/view/theme/theme544/template/common/footer.tpl
CODE: <div class="col-sm-4">
NOT FOUND!
FILE: admin/view/template/design/layout_form.tpl
CODE: <?php if ($layout_module['position'] == 'content_top') { ?>
LINE: 113
CODE: html += '    <option value="content_top"><?php echo $text_content_top; ?></option>';
LINE: 189
FILE: admin/controller/design/layout.php
CODE: $data['text_content_top'] = $this->language->get('text_content_top');
LINE: 265
FILE: admin/language/english/design/layout.php
CODE: $_['text_content_top']    = 'Content Top';
LINE: 10
----------------------------------------------------------------
MOD: TM Header
FILE: catalog/controller/common/header.php
CODE: $data['name'] = $this->config->get('config_name');
LINE: 20
CODE: $data['text_all'] = $this->language->get('text_all');
LINE: 73
CODE: $data['telephone'] = $this->config->get('config_telephone');
LINE: 88
CODE: $this->load->language('common/header');
LINE: 50
FILE: catalog/language/english/common/header.php
CODE: $_['text_checkout']       = 'Checkout';
NOT FOUND!
----------------------------------------------------------------
MOD: TM Header Cart
FILE: catalog/controller/common/cart.php
CODE: $data['text_loading'] = $this->language->get('text_loading');
LINE: 46
FILE: catalog/language/de-DE/common/cart.php
CODE: $_['text_items']
LINE: 14
FILE: catalog/language/english/common/cart.php
CODE: $_['text_items']
LINE: 6
FILE: catalog/language/russian/common/cart.php
CODE: $_['text_items']
LINE: 6
FILE: catalog/language/de-DE/checkout/cart.php
CODE: $_['text_items']
LINE: 20
FILE: catalog/language/english/checkout/cart.php
CODE: $_['text_items']
LINE: 12
FILE: catalog/language/russian/checkout/cart.php
CODE: $_['text_items']
LINE: 20
CODE: $_['text_recurring']
LINE: 21
CODE: $_['text_recurring']
LINE: 13
----------------------------------------------------------------
MOD: TM Header Top Position on Home page
FILE: catalog/controller/common/home.php
CODE: $data['content_top'] = $this->load->controller('common/content_top');
LINE: 13
FILE: catalog/view/theme/default/template/common/home.tpl
CODE: <?php echo $header; ?>
LINE: 0
FILE: catalog/view/theme/theme544/template/common/home.tpl
CODE: <?php echo $header; ?>
LINE: 0
CODE: <?php if ($layout_module['position'] == 'content_top') { ?>
LINE: 120
CODE: html += '    <option value="content_top"><?php echo $text_content_top; ?></option>';
LINE: 196
CODE: $data['text_content_top'] = $this->language->get('text_content_top');
LINE: 265
CODE: $_['text_content_top']    = 'Content Top';
LINE: 10
----------------------------------------------------------------
MOD: TM label sale
CODE: $data['button_compare'] = $this->language->get('button_compare');
LINE: 14
LINE: 30
FILE: catalog/controller/module/special.php
CODE: $data['button_compare'] = $this->language->get('button_compare');
LINE: 11
FILE: catalog/controller/module/latest.php
CODE: $data['button_compare'] = $this->language->get('button_compare');
LINE: 11
CODE: $_['text_tax']      = 'Ex Tax:';
LINE: 19
FILE: catalog/language/english/module/special.php
CODE: $_['text_tax']      = 'Ex Tax:';
LINE: 5
FILE: catalog/language/english/module/latest.php
CODE: $_['text_tax']      = 'Ex Tax:';
LINE: 5
CODE: $_['text_tax']
LINE: 21
LINE: 32
LINE: 45
FILE: catalog/language/de-DE/module/special.php
CODE: $_['text_tax']
LINE: 15
FILE: catalog/language/de-DE/module/latest.php
CODE: $_['text_tax']
LINE: 15
CODE: $_['text_tax']
LINE: 22
LINE: 30
LINE: 51
LINE: 59
FILE: catalog/language/russian/module/special.php
CODE: $_['text_tax']
LINE: 8
FILE: catalog/language/russian/module/latest.php
CODE: $_['text_tax']
LINE: 8
----------------------------------------------------------------
MOD: TM latest 
CODE: $data['products'][] = array(
LINE: 67
CODE: 'rating'      => $rating,
LINE: 75
CODE: $this->load->model('tool/image');
LINE: 18
CODE: $data['button_cart'] = $this->language->get('button_cart');
LINE: 9
CODE: foreach ($results as $result) {
LINE: 54
CODE: $_['heading_title']
LINE: 24
CODE: $_['heading_title']
LINE: 16
CODE: $_['heading_title']
LINE: 16
CODE: $_['text_tax']		= 'ohne Steuer';
LINE: 29
CODE: $_['text_tax']
LINE: 24
LINE: 50
----------------------------------------------------------------
MOD: TM Lazy load
CODE: 'thumb'       => $image,
LINE: 97
FILE: catalog/controller/module/bestseller.php
CODE: 'thumb'       => $image,
LINE: 55
CODE: 'thumb'       => $image,
LINE: 94
CODE: 'thumb'       => $image,
LINE: 65
FILE: catalog/controller/module/tm_module_tab.php
CODE: 'thumb'       => $image,
LINE: 71
LINE: 132
LINE: 186
LINE: 246
FILE: catalog/controller/product/category.php
CODE: 'thumb'       => $image,
LINE: 215
FILE: catalog/controller/product/compare.php
CODE: 'thumb'       => $image,
NOT FOUND!
FILE: catalog/controller/product/manufacturer.php
CODE: 'thumb'       => $image,
LINE: 216
FILE: catalog/controller/product/product.php
CODE: 'thumb'       => $image,
LINE: 431
FILE: catalog/controller/product/search.php
CODE: 'thumb'       => $image,
LINE: 248
FILE: catalog/controller/product/special.php
CODE: 'thumb'       => $image,
LINE: 133
----------------------------------------------------------------
MOD: TM Live search
CODE: class ControllerProductSearch extends Controller {
LINE: 1
----------------------------------------------------------------
MOD: Tm PathTheme
CODE: $data['name'] = $this->config->get('config_name');
LINE: 20
CODE: $this->load->language('common/footer');
LINE: 3
FILE: catalog/controller/account/recurring.php
CODE: $data['button_continue'] = $this->language->get('button_continue');
LINE: 46
----------------------------------------------------------------
MOD: TM Product Category image
CODE: 'href'  => $this->url->link('product/category', 'path=' . $this->request->get['path'] . '_' . $result['category_id'] . $url)
LINE: 163
CODE: $data['categories'][] = array(
LINE: 162
----------------------------------------------------------------
MOD: TM Special 
CODE: $data['products'][] = array(
LINE: 68
CODE: 'rating'      => $rating,
LINE: 80
CODE: $this->load->model('tool/image');
LINE: 18
CODE: $data['button_cart'] = $this->language->get('button_cart');
LINE: 9
CODE: foreach ($results as $result) {
LINE: 54
CODE: $_['heading_title']
LINE: 24
CODE: $_['heading_title']
LINE: 16
CODE: $_['heading_title']
LINE: 16
CODE: $_['text_tax']		= 'ohne Steuer';
LINE: 29
CODE: $_['text_tax']
LINE: 24
LINE: 50
----------------------------------------------------------------
MOD: TM Top Menu All Levels
CODE: $data['language'] = $this->load->controller('common/language');
LINE: 176
----------------------------------------------------------------
2015-04-08 8:28:12 - MOD: Modification Default
FILE: system/engine/action.php
REGEX: ~(require|include)(_once)?\(([^)]+)~
LINE: 58
FILE: system/engine/loader.php
REGEX: ~(require|include)(_once)?\(([^)]+)~
LINE: 20
LINE: 37
LINE: 54
LINE: 65
FILE: system/library/config.php
REGEX: ~(require|include)(_once)?\(([^)]+)~
LINE: 23
FILE: system/library/language.php
REGEX: ~(require|include)(_once)?\(([^)]+)~
LINE: 21
LINE: 27
----------------------------------------------------------------
MOD: TM Description fo banners
FILE: admin/controller/design/banner.php
CODE: $data['button_remove'] = $this->language->get('button_remove');
LINE: 279
CODE: $data['banner_images'][] = array(
LINE: 385
FILE: admin/model/design/banner.php
CODE: $this->db->escape($banner_image_description['title']) . "'");
LINE: 16
LINE: 41
CODE: $banner_image_description_data[$banner_image_description['language_id']] = array('title' => $banner_image_description['title']);
LINE: 113
CODE: 'banner_image_description' => $banner_image_description_data,
LINE: 120
FILE: admin/language/de-DE/design/banner.php
CODE: $_['entry_sort_order']   = 'Sort Order';
NOT FOUND!
FILE: admin/language/english/design/banner.php
CODE: $_['entry_sort_order']   = 'Sort Order';
LINE: 22
FILE: admin/language/russian/design/banner.php
CODE: $_['entry_sort_order']   = 'Sort Order';
NOT FOUND!
FILE: admin/view/template/design/banner_form.tpl
CODE: <td class="text-left"><?php echo $entry_title; ?></td>
LINE: 53
CODE: <input type="text" name="banner_image[<?php echo $image_row; ?>][link]" value="<?php echo $banner_image['link']; ?>" placeholder="<?php echo $entry_link; ?>" class="form-control" /></td>
LINE: 83
CODE: html += '  <td class="text-left"><input type="text" name="banner_image[' + image_row + '][link]" value="" placeholder="<?php echo $entry_link; ?>" class="form-control" /></td>';
LINE: 122
FILE: catalog/controller/module/banner.php
CODE: 'title' => $result['title'],
LINE: 22
FILE: catalog/controller/module/tm_slideshow.php
CODE: 'title' => $result['title'],
LINE: 21
FILE: catalog/controller/module/parallax.php
CODE: 'title' => $result['title'],
LINE: 25
----------------------------------------------------------------
MOD: TM Featured 
FILE: catalog/controller/module/featured.php
CODE: $data['products'][] = array(
LINE: 64
CODE: 'rating'      => $rating,
LINE: 72
CODE: $this->load->model('tool/image');
LINE: 15
CODE: $data['button_cart'] = $this->language->get('button_cart');
LINE: 9
CODE: $product_info = $this->model_catalog_product->getProduct($product_id);
LINE: 48
FILE: catalog/language/de-DE/module/featured.php
CODE: $_['heading_title']
LINE: 24
FILE: catalog/language/english/module/featured.php
CODE: $_['heading_title']
LINE: 16
FILE: catalog/language/russian/module/featured.php
CODE: $_['heading_title']
LINE: 16
CODE: $_['text_tax']		= 'ohne Steuer';
LINE: 26
CODE: $_['text_tax']
LINE: 24
LINE: 47
----------------------------------------------------------------
MOD: TM Footer
FILE: catalog/controller/common/footer.php
CODE: $data['text_newsletter'] = $this->language->get('text_newsletter');
LINE: 18
CODE: $data['newsletter'] = $this->url->link('account/newsletter', '', 'SSL');
LINE: 52
FILE: catalog/language/de-DE/common/footer.php
CODE: $_['text_information']
LINE: 18
FILE: catalog/language/english/common/footer.php
CODE: $_['text_information']
LINE: 10
FILE: catalog/language/russian/common/footer.php
CODE: $_['text_information']
LINE: 12
----------------------------------------------------------------
MOD: TM Footer Position
CODE: $data['text_information'] = $this->language->get('text_information');
LINE: 8
CODE: $data['newsletter'] = $this->url->link('account/newsletter', '', 'SSL');
LINE: 55
FILE: catalog/view/theme/default/template/common/footer.tpl
CODE: <div class="col-sm-4">
NOT FOUND!
FILE: catalog/view/theme/theme544/template/common/footer.tpl
CODE: <div class="col-sm-4">
NOT FOUND!
FILE: admin/view/template/design/layout_form.tpl
CODE: <?php if ($layout_module['position'] == 'content_top') { ?>
LINE: 113
CODE: html += '    <option value="content_top"><?php echo $text_content_top; ?></option>';
LINE: 189
FILE: admin/controller/design/layout.php
CODE: $data['text_content_top'] = $this->language->get('text_content_top');
LINE: 265
FILE: admin/language/english/design/layout.php
CODE: $_['text_content_top']    = 'Content Top';
LINE: 10
----------------------------------------------------------------
MOD: TM Header
FILE: catalog/controller/common/header.php
CODE: $data['name'] = $this->config->get('config_name');
LINE: 20
CODE: $data['text_all'] = $this->language->get('text_all');
LINE: 73
CODE: $data['telephone'] = $this->config->get('config_telephone');
LINE: 88
CODE: $this->load->language('common/header');
LINE: 50
FILE: catalog/language/english/common/header.php
CODE: $_['text_checkout']       = 'Checkout';
NOT FOUND!
----------------------------------------------------------------
MOD: TM Header Cart
FILE: catalog/controller/common/cart.php
CODE: $data['text_loading'] = $this->language->get('text_loading');
LINE: 46
FILE: catalog/language/de-DE/common/cart.php
CODE: $_['text_items']
LINE: 14
FILE: catalog/language/english/common/cart.php
CODE: $_['text_items']
LINE: 6
FILE: catalog/language/russian/common/cart.php
CODE: $_['text_items']
LINE: 6
FILE: catalog/language/de-DE/checkout/cart.php
CODE: $_['text_items']
LINE: 20
FILE: catalog/language/english/checkout/cart.php
CODE: $_['text_items']
LINE: 12
FILE: catalog/language/russian/checkout/cart.php
CODE: $_['text_items']
LINE: 20
CODE: $_['text_recurring']
LINE: 21
CODE: $_['text_recurring']
LINE: 13
----------------------------------------------------------------
MOD: TM Header Top Position on Home page
FILE: catalog/controller/common/home.php
CODE: $data['content_top'] = $this->load->controller('common/content_top');
LINE: 13
FILE: catalog/view/theme/default/template/common/home.tpl
CODE: <?php echo $header; ?>
LINE: 0
FILE: catalog/view/theme/theme544/template/common/home.tpl
CODE: <?php echo $header; ?>
LINE: 0
CODE: <?php if ($layout_module['position'] == 'content_top') { ?>
LINE: 120
CODE: html += '    <option value="content_top"><?php echo $text_content_top; ?></option>';
LINE: 196
CODE: $data['text_content_top'] = $this->language->get('text_content_top');
LINE: 265
CODE: $_['text_content_top']    = 'Content Top';
LINE: 10
----------------------------------------------------------------
MOD: TM label sale
CODE: $data['button_compare'] = $this->language->get('button_compare');
LINE: 14
LINE: 30
FILE: catalog/controller/module/special.php
CODE: $data['button_compare'] = $this->language->get('button_compare');
LINE: 11
FILE: catalog/controller/module/latest.php
CODE: $data['button_compare'] = $this->language->get('button_compare');
LINE: 11
CODE: $_['text_tax']      = 'Ex Tax:';
LINE: 19
FILE: catalog/language/english/module/special.php
CODE: $_['text_tax']      = 'Ex Tax:';
LINE: 5
FILE: catalog/language/english/module/latest.php
CODE: $_['text_tax']      = 'Ex Tax:';
LINE: 5
CODE: $_['text_tax']
LINE: 21
LINE: 32
LINE: 45
FILE: catalog/language/de-DE/module/special.php
CODE: $_['text_tax']
LINE: 15
FILE: catalog/language/de-DE/module/latest.php
CODE: $_['text_tax']
LINE: 15
CODE: $_['text_tax']
LINE: 22
LINE: 30
LINE: 51
LINE: 59
FILE: catalog/language/russian/module/special.php
CODE: $_['text_tax']
LINE: 8
FILE: catalog/language/russian/module/latest.php
CODE: $_['text_tax']
LINE: 8
----------------------------------------------------------------
MOD: TM latest 
CODE: $data['products'][] = array(
LINE: 67
CODE: 'rating'      => $rating,
LINE: 75
CODE: $this->load->model('tool/image');
LINE: 18
CODE: $data['button_cart'] = $this->language->get('button_cart');
LINE: 9
CODE: foreach ($results as $result) {
LINE: 54
CODE: $_['heading_title']
LINE: 24
CODE: $_['heading_title']
LINE: 16
CODE: $_['heading_title']
LINE: 16
CODE: $_['text_tax']		= 'ohne Steuer';
LINE: 29
CODE: $_['text_tax']
LINE: 24
LINE: 50
----------------------------------------------------------------
MOD: TM Lazy load
CODE: 'thumb'       => $image,
LINE: 97
FILE: catalog/controller/module/bestseller.php
CODE: 'thumb'       => $image,
LINE: 55
CODE: 'thumb'       => $image,
LINE: 94
CODE: 'thumb'       => $image,
LINE: 65
FILE: catalog/controller/module/tm_module_tab.php
CODE: 'thumb'       => $image,
LINE: 71
LINE: 132
LINE: 186
LINE: 246
FILE: catalog/controller/product/category.php
CODE: 'thumb'       => $image,
LINE: 215
FILE: catalog/controller/product/compare.php
CODE: 'thumb'       => $image,
NOT FOUND!
FILE: catalog/controller/product/manufacturer.php
CODE: 'thumb'       => $image,
LINE: 216
FILE: catalog/controller/product/product.php
CODE: 'thumb'       => $image,
LINE: 431
FILE: catalog/controller/product/search.php
CODE: 'thumb'       => $image,
LINE: 248
FILE: catalog/controller/product/special.php
CODE: 'thumb'       => $image,
LINE: 133
----------------------------------------------------------------
MOD: TM Live search
CODE: class ControllerProductSearch extends Controller {
LINE: 1
----------------------------------------------------------------
MOD: Tm PathTheme
CODE: $data['name'] = $this->config->get('config_name');
LINE: 20
CODE: $this->load->language('common/footer');
LINE: 3
FILE: catalog/controller/account/recurring.php
CODE: $data['button_continue'] = $this->language->get('button_continue');
LINE: 46
----------------------------------------------------------------
MOD: TM Product Category image
CODE: 'href'  => $this->url->link('product/category', 'path=' . $this->request->get['path'] . '_' . $result['category_id'] . $url)
LINE: 163
CODE: $data['categories'][] = array(
LINE: 162
----------------------------------------------------------------
MOD: TM Special 
CODE: $data['products'][] = array(
LINE: 68
CODE: 'rating'      => $rating,
LINE: 80
CODE: $this->load->model('tool/image');
LINE: 18
CODE: $data['button_cart'] = $this->language->get('button_cart');
LINE: 9
CODE: foreach ($results as $result) {
LINE: 54
CODE: $_['heading_title']
LINE: 24
CODE: $_['heading_title']
LINE: 16
CODE: $_['heading_title']
LINE: 16
CODE: $_['text_tax']		= 'ohne Steuer';
LINE: 29
CODE: $_['text_tax']
LINE: 24
LINE: 50
----------------------------------------------------------------
MOD: TM Top Menu All Levels
CODE: $data['language'] = $this->load->controller('common/language');
LINE: 176
----------------------------------------------------------------
2015-04-08 13:53:44 - MOD: Modification Default
FILE: system/engine/action.php
REGEX: ~(require|include)(_once)?\(([^)]+)~
LINE: 58
FILE: system/engine/loader.php
REGEX: ~(require|include)(_once)?\(([^)]+)~
LINE: 20
LINE: 37
LINE: 54
LINE: 65
FILE: system/library/config.php
REGEX: ~(require|include)(_once)?\(([^)]+)~
LINE: 23
FILE: system/library/language.php
REGEX: ~(require|include)(_once)?\(([^)]+)~
LINE: 21
LINE: 27
----------------------------------------------------------------
MOD: TM Description fo banners
FILE: admin/controller/design/banner.php
CODE: $data['button_remove'] = $this->language->get('button_remove');
LINE: 279
CODE: $data['banner_images'][] = array(
LINE: 385
FILE: admin/model/design/banner.php
CODE: $this->db->escape($banner_image_description['title']) . "'");
LINE: 16
LINE: 41
CODE: $banner_image_description_data[$banner_image_description['language_id']] = array('title' => $banner_image_description['title']);
LINE: 113
CODE: 'banner_image_description' => $banner_image_description_data,
LINE: 120
FILE: admin/language/de-DE/design/banner.php
CODE: $_['entry_sort_order']   = 'Sort Order';
NOT FOUND!
FILE: admin/language/english/design/banner.php
CODE: $_['entry_sort_order']   = 'Sort Order';
LINE: 22
FILE: admin/language/russian/design/banner.php
CODE: $_['entry_sort_order']   = 'Sort Order';
NOT FOUND!
FILE: admin/view/template/design/banner_form.tpl
CODE: <td class="text-left"><?php echo $entry_title; ?></td>
LINE: 53
CODE: <input type="text" name="banner_image[<?php echo $image_row; ?>][link]" value="<?php echo $banner_image['link']; ?>" placeholder="<?php echo $entry_link; ?>" class="form-control" /></td>
LINE: 83
CODE: html += '  <td class="text-left"><input type="text" name="banner_image[' + image_row + '][link]" value="" placeholder="<?php echo $entry_link; ?>" class="form-control" /></td>';
LINE: 122
FILE: catalog/controller/module/banner.php
CODE: 'title' => $result['title'],
LINE: 22
FILE: catalog/controller/module/tm_slideshow.php
CODE: 'title' => $result['title'],
LINE: 21
FILE: catalog/controller/module/parallax.php
CODE: 'title' => $result['title'],
LINE: 25
----------------------------------------------------------------
MOD: TM Featured 
FILE: catalog/controller/module/featured.php
CODE: $data['products'][] = array(
LINE: 64
CODE: 'rating'      => $rating,
LINE: 72
CODE: $this->load->model('tool/image');
LINE: 15
CODE: $data['button_cart'] = $this->language->get('button_cart');
LINE: 9
CODE: $product_info = $this->model_catalog_product->getProduct($product_id);
LINE: 48
FILE: catalog/language/de-DE/module/featured.php
CODE: $_['heading_title']
LINE: 24
FILE: catalog/language/english/module/featured.php
CODE: $_['heading_title']
LINE: 16
FILE: catalog/language/russian/module/featured.php
CODE: $_['heading_title']
LINE: 16
CODE: $_['text_tax']		= 'ohne Steuer';
LINE: 26
CODE: $_['text_tax']
LINE: 24
LINE: 47
----------------------------------------------------------------
MOD: TM Footer
FILE: catalog/controller/common/footer.php
CODE: $data['text_newsletter'] = $this->language->get('text_newsletter');
LINE: 18
CODE: $data['newsletter'] = $this->url->link('account/newsletter', '', 'SSL');
LINE: 52
FILE: catalog/language/de-DE/common/footer.php
CODE: $_['text_information']
LINE: 18
FILE: catalog/language/english/common/footer.php
CODE: $_['text_information']
LINE: 10
FILE: catalog/language/russian/common/footer.php
CODE: $_['text_information']
LINE: 12
----------------------------------------------------------------
MOD: TM Footer Position
CODE: $data['text_information'] = $this->language->get('text_information');
LINE: 8
CODE: $data['newsletter'] = $this->url->link('account/newsletter', '', 'SSL');
LINE: 55
FILE: catalog/view/theme/default/template/common/footer.tpl
CODE: <div class="col-sm-4">
NOT FOUND!
FILE: catalog/view/theme/theme544/template/common/footer.tpl
CODE: <div class="col-sm-4">
NOT FOUND!
FILE: admin/view/template/design/layout_form.tpl
CODE: <?php if ($layout_module['position'] == 'content_top') { ?>
LINE: 113
CODE: html += '    <option value="content_top"><?php echo $text_content_top; ?></option>';
LINE: 189
FILE: admin/controller/design/layout.php
CODE: $data['text_content_top'] = $this->language->get('text_content_top');
LINE: 265
FILE: admin/language/english/design/layout.php
CODE: $_['text_content_top']    = 'Content Top';
LINE: 10
----------------------------------------------------------------
MOD: TM Header
FILE: catalog/controller/common/header.php
CODE: $data['name'] = $this->config->get('config_name');
LINE: 20
CODE: $data['text_all'] = $this->language->get('text_all');
LINE: 73
CODE: $data['telephone'] = $this->config->get('config_telephone');
LINE: 88
CODE: $this->load->language('common/header');
LINE: 50
FILE: catalog/language/english/common/header.php
CODE: $_['text_checkout']       = 'Checkout';
NOT FOUND!
----------------------------------------------------------------
MOD: TM Header Cart
FILE: catalog/controller/common/cart.php
CODE: $data['text_loading'] = $this->language->get('text_loading');
LINE: 46
FILE: catalog/language/de-DE/common/cart.php
CODE: $_['text_items']
LINE: 14
FILE: catalog/language/english/common/cart.php
CODE: $_['text_items']
LINE: 6
FILE: catalog/language/russian/common/cart.php
CODE: $_['text_items']
LINE: 6
FILE: catalog/language/de-DE/checkout/cart.php
CODE: $_['text_items']
LINE: 20
FILE: catalog/language/english/checkout/cart.php
CODE: $_['text_items']
LINE: 12
FILE: catalog/language/russian/checkout/cart.php
CODE: $_['text_items']
LINE: 20
CODE: $_['text_recurring']
LINE: 21
CODE: $_['text_recurring']
LINE: 13
----------------------------------------------------------------
MOD: TM Header Top Position on Home page
FILE: catalog/controller/common/home.php
CODE: $data['content_top'] = $this->load->controller('common/content_top');
LINE: 13
FILE: catalog/view/theme/default/template/common/home.tpl
CODE: <?php echo $header; ?>
LINE: 0
FILE: catalog/view/theme/theme544/template/common/home.tpl
CODE: <?php echo $header; ?>
LINE: 0
CODE: <?php if ($layout_module['position'] == 'content_top') { ?>
LINE: 120
CODE: html += '    <option value="content_top"><?php echo $text_content_top; ?></option>';
LINE: 196
CODE: $data['text_content_top'] = $this->language->get('text_content_top');
LINE: 265
CODE: $_['text_content_top']    = 'Content Top';
LINE: 10
----------------------------------------------------------------
MOD: TM label sale
CODE: $data['button_compare'] = $this->language->get('button_compare');
LINE: 14
LINE: 30
FILE: catalog/controller/module/special.php
CODE: $data['button_compare'] = $this->language->get('button_compare');
LINE: 11
FILE: catalog/controller/module/latest.php
CODE: $data['button_compare'] = $this->language->get('button_compare');
LINE: 11
CODE: $_['text_tax']      = 'Ex Tax:';
LINE: 19
FILE: catalog/language/english/module/special.php
CODE: $_['text_tax']      = 'Ex Tax:';
LINE: 5
FILE: catalog/language/english/module/latest.php
CODE: $_['text_tax']      = 'Ex Tax:';
LINE: 5
CODE: $_['text_tax']
LINE: 21
LINE: 32
LINE: 45
FILE: catalog/language/de-DE/module/special.php
CODE: $_['text_tax']
LINE: 15
FILE: catalog/language/de-DE/module/latest.php
CODE: $_['text_tax']
LINE: 15
CODE: $_['text_tax']
LINE: 22
LINE: 30
LINE: 51
LINE: 59
FILE: catalog/language/russian/module/special.php
CODE: $_['text_tax']
LINE: 8
FILE: catalog/language/russian/module/latest.php
CODE: $_['text_tax']
LINE: 8
----------------------------------------------------------------
MOD: TM latest 
CODE: $data['products'][] = array(
LINE: 67
CODE: 'rating'      => $rating,
LINE: 75
CODE: $this->load->model('tool/image');
LINE: 18
CODE: $data['button_cart'] = $this->language->get('button_cart');
LINE: 9
CODE: foreach ($results as $result) {
LINE: 54
CODE: $_['heading_title']
LINE: 24
CODE: $_['heading_title']
LINE: 16
CODE: $_['heading_title']
LINE: 16
CODE: $_['text_tax']		= 'ohne Steuer';
LINE: 29
CODE: $_['text_tax']
LINE: 24
LINE: 50
----------------------------------------------------------------
MOD: TM Lazy load
CODE: 'thumb'       => $image,
LINE: 97
FILE: catalog/controller/module/bestseller.php
CODE: 'thumb'       => $image,
LINE: 55
CODE: 'thumb'       => $image,
LINE: 94
CODE: 'thumb'       => $image,
LINE: 65
FILE: catalog/controller/module/tm_module_tab.php
CODE: 'thumb'       => $image,
LINE: 71
LINE: 132
LINE: 186
LINE: 246
FILE: catalog/controller/product/category.php
CODE: 'thumb'       => $image,
LINE: 215
FILE: catalog/controller/product/compare.php
CODE: 'thumb'       => $image,
NOT FOUND!
FILE: catalog/controller/product/manufacturer.php
CODE: 'thumb'       => $image,
LINE: 216
FILE: catalog/controller/product/product.php
CODE: 'thumb'       => $image,
LINE: 431
FILE: catalog/controller/product/search.php
CODE: 'thumb'       => $image,
LINE: 248
FILE: catalog/controller/product/special.php
CODE: 'thumb'       => $image,
LINE: 133
----------------------------------------------------------------
MOD: TM Live search
CODE: class ControllerProductSearch extends Controller {
LINE: 1
----------------------------------------------------------------
MOD: Tm PathTheme
CODE: $data['name'] = $this->config->get('config_name');
LINE: 20
CODE: $this->load->language('common/footer');
LINE: 3
FILE: catalog/controller/account/recurring.php
CODE: $data['button_continue'] = $this->language->get('button_continue');
LINE: 46
----------------------------------------------------------------
MOD: TM Product Category image
CODE: 'href'  => $this->url->link('product/category', 'path=' . $this->request->get['path'] . '_' . $result['category_id'] . $url)
LINE: 163
CODE: $data['categories'][] = array(
LINE: 162
----------------------------------------------------------------
MOD: TM Special 
CODE: $data['products'][] = array(
LINE: 68
CODE: 'rating'      => $rating,
LINE: 80
CODE: $this->load->model('tool/image');
LINE: 18
CODE: $data['button_cart'] = $this->language->get('button_cart');
LINE: 9
CODE: foreach ($results as $result) {
LINE: 54
CODE: $_['heading_title']
LINE: 24
CODE: $_['heading_title']
LINE: 16
CODE: $_['heading_title']
LINE: 16
CODE: $_['text_tax']		= 'ohne Steuer';
LINE: 29
CODE: $_['text_tax']
LINE: 24
LINE: 50
----------------------------------------------------------------
MOD: TM Top Menu All Levels
CODE: $data['language'] = $this->load->controller('common/language');
LINE: 176
----------------------------------------------------------------
2015-04-08 13:54:02 - MOD: Modification Default
FILE: system/engine/action.php
REGEX: ~(require|include)(_once)?\(([^)]+)~
LINE: 58
FILE: system/engine/loader.php
REGEX: ~(require|include)(_once)?\(([^)]+)~
LINE: 20
LINE: 37
LINE: 54
LINE: 65
FILE: system/library/config.php
REGEX: ~(require|include)(_once)?\(([^)]+)~
LINE: 23
FILE: system/library/language.php
REGEX: ~(require|include)(_once)?\(([^)]+)~
LINE: 21
LINE: 27
----------------------------------------------------------------
MOD: TM Description fo banners
FILE: admin/controller/design/banner.php
CODE: $data['button_remove'] = $this->language->get('button_remove');
LINE: 279
CODE: $data['banner_images'][] = array(
LINE: 385
FILE: admin/model/design/banner.php
CODE: $this->db->escape($banner_image_description['title']) . "'");
LINE: 16
LINE: 41
CODE: $banner_image_description_data[$banner_image_description['language_id']] = array('title' => $banner_image_description['title']);
LINE: 113
CODE: 'banner_image_description' => $banner_image_description_data,
LINE: 120
FILE: admin/language/de-DE/design/banner.php
CODE: $_['entry_sort_order']   = 'Sort Order';
NOT FOUND!
FILE: admin/language/english/design/banner.php
CODE: $_['entry_sort_order']   = 'Sort Order';
LINE: 22
FILE: admin/language/russian/design/banner.php
CODE: $_['entry_sort_order']   = 'Sort Order';
NOT FOUND!
FILE: admin/view/template/design/banner_form.tpl
CODE: <td class="text-left"><?php echo $entry_title; ?></td>
LINE: 53
CODE: <input type="text" name="banner_image[<?php echo $image_row; ?>][link]" value="<?php echo $banner_image['link']; ?>" placeholder="<?php echo $entry_link; ?>" class="form-control" /></td>
LINE: 83
CODE: html += '  <td class="text-left"><input type="text" name="banner_image[' + image_row + '][link]" value="" placeholder="<?php echo $entry_link; ?>" class="form-control" /></td>';
LINE: 122
FILE: catalog/controller/module/banner.php
CODE: 'title' => $result['title'],
LINE: 22
FILE: catalog/controller/module/tm_slideshow.php
CODE: 'title' => $result['title'],
LINE: 21
FILE: catalog/controller/module/parallax.php
CODE: 'title' => $result['title'],
LINE: 25
----------------------------------------------------------------
MOD: TM Featured 
FILE: catalog/controller/module/featured.php
CODE: $data['products'][] = array(
LINE: 64
CODE: 'rating'      => $rating,
LINE: 72
CODE: $this->load->model('tool/image');
LINE: 15
CODE: $data['button_cart'] = $this->language->get('button_cart');
LINE: 9
CODE: $product_info = $this->model_catalog_product->getProduct($product_id);
LINE: 48
FILE: catalog/language/de-DE/module/featured.php
CODE: $_['heading_title']
LINE: 24
FILE: catalog/language/english/module/featured.php
CODE: $_['heading_title']
LINE: 16
FILE: catalog/language/russian/module/featured.php
CODE: $_['heading_title']
LINE: 16
CODE: $_['text_tax']		= 'ohne Steuer';
LINE: 26
CODE: $_['text_tax']
LINE: 24
LINE: 47
----------------------------------------------------------------
MOD: TM Footer
FILE: catalog/controller/common/footer.php
CODE: $data['text_newsletter'] = $this->language->get('text_newsletter');
LINE: 18
CODE: $data['newsletter'] = $this->url->link('account/newsletter', '', 'SSL');
LINE: 52
FILE: catalog/language/de-DE/common/footer.php
CODE: $_['text_information']
LINE: 18
FILE: catalog/language/english/common/footer.php
CODE: $_['text_information']
LINE: 10
FILE: catalog/language/russian/common/footer.php
CODE: $_['text_information']
LINE: 12
----------------------------------------------------------------
MOD: TM Footer Position
CODE: $data['text_information'] = $this->language->get('text_information');
LINE: 8
CODE: $data['newsletter'] = $this->url->link('account/newsletter', '', 'SSL');
LINE: 55
FILE: catalog/view/theme/default/template/common/footer.tpl
CODE: <div class="col-sm-4">
NOT FOUND!
FILE: catalog/view/theme/theme544/template/common/footer.tpl
CODE: <div class="col-sm-4">
NOT FOUND!
FILE: admin/view/template/design/layout_form.tpl
CODE: <?php if ($layout_module['position'] == 'content_top') { ?>
LINE: 113
CODE: html += '    <option value="content_top"><?php echo $text_content_top; ?></option>';
LINE: 189
FILE: admin/controller/design/layout.php
CODE: $data['text_content_top'] = $this->language->get('text_content_top');
LINE: 265
FILE: admin/language/english/design/layout.php
CODE: $_['text_content_top']    = 'Content Top';
LINE: 10
----------------------------------------------------------------
MOD: TM Header
FILE: catalog/controller/common/header.php
CODE: $data['name'] = $this->config->get('config_name');
LINE: 20
CODE: $data['text_all'] = $this->language->get('text_all');
LINE: 73
CODE: $data['telephone'] = $this->config->get('config_telephone');
LINE: 88
CODE: $this->load->language('common/header');
LINE: 50
FILE: catalog/language/english/common/header.php
CODE: $_['text_checkout']       = 'Checkout';
NOT FOUND!
----------------------------------------------------------------
MOD: TM Header Cart
FILE: catalog/controller/common/cart.php
CODE: $data['text_loading'] = $this->language->get('text_loading');
LINE: 46
FILE: catalog/language/de-DE/common/cart.php
CODE: $_['text_items']
LINE: 14
FILE: catalog/language/english/common/cart.php
CODE: $_['text_items']
LINE: 6
FILE: catalog/language/russian/common/cart.php
CODE: $_['text_items']
LINE: 6
FILE: catalog/language/de-DE/checkout/cart.php
CODE: $_['text_items']
LINE: 20
FILE: catalog/language/english/checkout/cart.php
CODE: $_['text_items']
LINE: 12
FILE: catalog/language/russian/checkout/cart.php
CODE: $_['text_items']
LINE: 20
CODE: $_['text_recurring']
LINE: 21
CODE: $_['text_recurring']
LINE: 13
----------------------------------------------------------------
MOD: TM Header Top Position on Home page
FILE: catalog/controller/common/home.php
CODE: $data['content_top'] = $this->load->controller('common/content_top');
LINE: 13
FILE: catalog/view/theme/default/template/common/home.tpl
CODE: <?php echo $header; ?>
LINE: 0
FILE: catalog/view/theme/theme544/template/common/home.tpl
CODE: <?php echo $header; ?>
LINE: 0
CODE: <?php if ($layout_module['position'] == 'content_top') { ?>
LINE: 120
CODE: html += '    <option value="content_top"><?php echo $text_content_top; ?></option>';
LINE: 196
CODE: $data['text_content_top'] = $this->language->get('text_content_top');
LINE: 265
CODE: $_['text_content_top']    = 'Content Top';
LINE: 10
----------------------------------------------------------------
MOD: TM label sale
CODE: $data['button_compare'] = $this->language->get('button_compare');
LINE: 14
LINE: 30
FILE: catalog/controller/module/special.php
CODE: $data['button_compare'] = $this->language->get('button_compare');
LINE: 11
FILE: catalog/controller/module/latest.php
CODE: $data['button_compare'] = $this->language->get('button_compare');
LINE: 11
CODE: $_['text_tax']      = 'Ex Tax:';
LINE: 19
FILE: catalog/language/english/module/special.php
CODE: $_['text_tax']      = 'Ex Tax:';
LINE: 5
FILE: catalog/language/english/module/latest.php
CODE: $_['text_tax']      = 'Ex Tax:';
LINE: 5
CODE: $_['text_tax']
LINE: 21
LINE: 32
LINE: 45
FILE: catalog/language/de-DE/module/special.php
CODE: $_['text_tax']
LINE: 15
FILE: catalog/language/de-DE/module/latest.php
CODE: $_['text_tax']
LINE: 15
CODE: $_['text_tax']
LINE: 22
LINE: 30
LINE: 51
LINE: 59
FILE: catalog/language/russian/module/special.php
CODE: $_['text_tax']
LINE: 8
FILE: catalog/language/russian/module/latest.php
CODE: $_['text_tax']
LINE: 8
----------------------------------------------------------------
MOD: TM latest 
CODE: $data['products'][] = array(
LINE: 67
CODE: 'rating'      => $rating,
LINE: 75
CODE: $this->load->model('tool/image');
LINE: 18
CODE: $data['button_cart'] = $this->language->get('button_cart');
LINE: 9
CODE: foreach ($results as $result) {
LINE: 54
CODE: $_['heading_title']
LINE: 24
CODE: $_['heading_title']
LINE: 16
CODE: $_['heading_title']
LINE: 16
CODE: $_['text_tax']		= 'ohne Steuer';
LINE: 29
CODE: $_['text_tax']
LINE: 24
LINE: 50
----------------------------------------------------------------
MOD: TM Lazy load
CODE: 'thumb'       => $image,
LINE: 97
FILE: catalog/controller/module/bestseller.php
CODE: 'thumb'       => $image,
LINE: 55
CODE: 'thumb'       => $image,
LINE: 94
CODE: 'thumb'       => $image,
LINE: 65
FILE: catalog/controller/module/tm_module_tab.php
CODE: 'thumb'       => $image,
LINE: 71
LINE: 132
LINE: 186
LINE: 246
FILE: catalog/controller/product/category.php
CODE: 'thumb'       => $image,
LINE: 215
FILE: catalog/controller/product/compare.php
CODE: 'thumb'       => $image,
NOT FOUND!
FILE: catalog/controller/product/manufacturer.php
CODE: 'thumb'       => $image,
LINE: 216
FILE: catalog/controller/product/product.php
CODE: 'thumb'       => $image,
LINE: 431
FILE: catalog/controller/product/search.php
CODE: 'thumb'       => $image,
LINE: 248
FILE: catalog/controller/product/special.php
CODE: 'thumb'       => $image,
LINE: 133
----------------------------------------------------------------
MOD: TM Live search
CODE: class ControllerProductSearch extends Controller {
LINE: 1
----------------------------------------------------------------
MOD: Tm PathTheme
CODE: $data['name'] = $this->config->get('config_name');
LINE: 20
CODE: $this->load->language('common/footer');
LINE: 3
FILE: catalog/controller/account/recurring.php
CODE: $data['button_continue'] = $this->language->get('button_continue');
LINE: 46
----------------------------------------------------------------
MOD: TM Product Category image
CODE: 'href'  => $this->url->link('product/category', 'path=' . $this->request->get['path'] . '_' . $result['category_id'] . $url)
LINE: 163
CODE: $data['categories'][] = array(
LINE: 162
----------------------------------------------------------------
MOD: TM Special 
CODE: $data['products'][] = array(
LINE: 68
CODE: 'rating'      => $rating,
LINE: 80
CODE: $this->load->model('tool/image');
LINE: 18
CODE: $data['button_cart'] = $this->language->get('button_cart');
LINE: 9
CODE: foreach ($results as $result) {
LINE: 54
CODE: $_['heading_title']
LINE: 24
CODE: $_['heading_title']
LINE: 16
CODE: $_['heading_title']
LINE: 16
CODE: $_['text_tax']		= 'ohne Steuer';
LINE: 29
CODE: $_['text_tax']
LINE: 24
LINE: 50
----------------------------------------------------------------
MOD: TM Top Menu All Levels
CODE: $data['language'] = $this->load->controller('common/language');
LINE: 176
----------------------------------------------------------------
